\BOOKMARK [0][-]{chapter*.5}{Einf\374hrung}{}% 1
\BOOKMARK [0][-]{chapter*.17}{Lineare Operatoren auf Banachr\344umen}{}% 2
\BOOKMARK [1][-]{section.18}{2 Normierte R\344ume}{chapter*.17}% 3
\BOOKMARK [1][-]{section.47}{3 Beschr\344nkte und lineare Operatoren}{chapter*.17}% 4
\BOOKMARK [1][-]{section.99}{4 Metrische R\344ume}{chapter*.17}% 5
\BOOKMARK [1][-]{section.202}{5 Vollst\344ndigkeit}{chapter*.17}% 6
\BOOKMARK [1][-]{section.263}{6 Kompakte Mengen}{chapter*.17}% 7
\BOOKMARK [1][-]{section.301}{7 Kompakte Operatoren}{chapter*.17}% 8
\BOOKMARK [1][-]{section.331}{8 Approximation von Lp Funktionen}{chapter*.17}% 9
\BOOKMARK [0][-]{chapter*.363}{Elemente der Operatortheorie}{}% 10
\BOOKMARK [1][-]{section.364}{9 Der Satz von Baire und der Satz von Banach-Steinhaus}{chapter*.363}% 11
\BOOKMARK [1][-]{section.394}{10 Satz von der offenen Abbildung}{chapter*.363}% 12
\BOOKMARK [1][-]{section.406}{11 Projektionen}{chapter*.363}% 13
\BOOKMARK [1][-]{section.423}{12 Abgeschlossene Operatoren}{chapter*.363}% 14
\BOOKMARK [1][-]{section.443}{13 Spektrum und Resolvente}{chapter*.363}% 15
\BOOKMARK [1][-]{section.469}{14 Das Spektrum kompakter Operatoren}{chapter*.363}% 16
\BOOKMARK [0][-]{chapter*.488}{Operatoren auf Hilbertr\344umen}{}% 17
\BOOKMARK [1][-]{section.489}{15 Hilbertr\344ume}{chapter*.488}% 18
\BOOKMARK [1][-]{section.518}{16 Orthogonalit\344t und Orthonormalbasen}{chapter*.488}% 19
\BOOKMARK [1][-]{section.551}{17 Der Darstellungssatz von Riesz}{chapter*.488}% 20
\BOOKMARK [1][-]{section.559}{18 Schwache Konvergenz und Kompaktheit}{chapter*.488}% 21
\BOOKMARK [1][-]{section.579}{19 Duale Operatoren auf Hilbertr\344umen}{chapter*.488}% 22
\BOOKMARK [0][-]{chapter*.624}{Dualit\344t in Banachr\344umen}{}% 23
\BOOKMARK [1][-]{section.625}{20 Der Fortsetzungssatz von Hahn-Banach}{chapter*.624}% 24
\BOOKMARK [1][-]{section.651}{21 Trennungss\344tze f\374r konvexe Menge}{chapter*.624}% 25
\BOOKMARK [1][-]{section.665}{22 Schwache Konvergenz \046 Reflexivit\344t}{chapter*.624}% 26
\BOOKMARK [1][-]{section.712}{23 Adjungierte Operatoren}{chapter*.624}% 27
\BOOKMARK [0][-]{appendix*.743}{Abk\374rzungsverzeichnis}{}% 28
\BOOKMARK [0][-]{section*.744}{Stichwortverzeichnis}{}% 29
